mode: set
github/fr12k/rodwer/test_helpers.go:22.44,26.73 2 1
github/fr12k/rodwer/test_helpers.go:26.73,29.3 2 1
github/fr12k/rodwer/test_helpers.go:32.2,32.67 1 1
github/fr12k/rodwer/test_helpers.go:32.67,54.3 3 0
github/fr12k/rodwer/test_helpers.go:57.2,57.71 1 1
github/fr12k/rodwer/test_helpers.go:57.71,58.25 1 0
github/fr12k/rodwer/test_helpers.go:58.25,73.4 6 0
github/fr12k/rodwer/test_helpers.go:75.3,92.24 3 0
github/fr12k/rodwer/test_helpers.go:96.2,96.71 1 1
github/fr12k/rodwer/test_helpers.go:96.71,100.3 3 0
github/fr12k/rodwer/test_helpers.go:103.2,103.74 1 1
github/fr12k/rodwer/test_helpers.go:103.74,122.3 3 0
github/fr12k/rodwer/test_helpers.go:124.2,130.20 3 1
github/fr12k/rodwer/test_helpers.go:130.20,132.3 1 1
github/fr12k/rodwer/test_helpers.go:134.2,134.28 1 1
github/fr12k/rodwer/test_helpers.go:138.74,140.2 1 0
github/fr12k/rodwer/test_helpers.go:152.59,153.25 1 1
github/fr12k/rodwer/test_helpers.go:153.25,155.3 1 1
github/fr12k/rodwer/test_helpers.go:157.2,157.26 1 1
github/fr12k/rodwer/test_helpers.go:157.26,159.3 1 1
github/fr12k/rodwer/test_helpers.go:161.2,162.16 2 1
github/fr12k/rodwer/test_helpers.go:162.16,175.3 1 0
github/fr12k/rodwer/test_helpers.go:178.2,179.16 2 1
github/fr12k/rodwer/test_helpers.go:179.16,180.63 1 0
github/fr12k/rodwer/test_helpers.go:183.2,184.16 2 1
github/fr12k/rodwer/test_helpers.go:184.16,186.60 2 0
github/fr12k/rodwer/test_helpers.go:189.2,191.16 3 1
github/fr12k/rodwer/test_helpers.go:191.16,194.65 3 0
github/fr12k/rodwer/test_helpers.go:197.2,197.20 1 1
github/fr12k/rodwer/test_helpers.go:197.20,200.3 2 1
github/fr12k/rodwer/test_helpers.go:202.2,202.22 1 1
github/fr12k/rodwer/test_helpers.go:206.49,217.16 3 1
github/fr12k/rodwer/test_helpers.go:217.16,219.3 1 0
github/fr12k/rodwer/test_helpers.go:221.2,221.20 1 1
github/fr12k/rodwer/test_helpers.go:221.20,222.21 1 1
github/fr12k/rodwer/test_helpers.go:222.21,224.4 1 1
github/fr12k/rodwer/test_helpers.go:227.2,227.30 1 1
github/fr12k/rodwer/test_helpers.go:238.46,247.2 3 0
github/fr12k/rodwer/test_helpers.go:250.31,251.23 1 0
github/fr12k/rodwer/test_helpers.go:251.23,253.3 1 0
github/fr12k/rodwer/test_helpers.go:257.39,261.2 3 0
github/fr12k/rodwer/test_helpers.go:264.63,268.2 3 0
github/fr12k/rodwer/test_helpers.go:271.98,275.2 3 0
github/fr12k/rodwer/test_helpers.go:278.75,282.2 3 0
github/fr12k/rodwer/test_helpers.go:285.76,289.2 3 0
github/fr12k/rodwer/test_helpers.go:300.66,305.2 1 0
github/fr12k/rodwer/test_helpers.go:308.78,310.12 2 0
github/fr12k/rodwer/test_helpers.go:310.12,314.41 2 0
github/fr12k/rodwer/test_helpers.go:314.41,315.17 1 0
github/fr12k/rodwer/test_helpers.go:315.17,316.33 1 0
github/fr12k/rodwer/test_helpers.go:316.33,320.6 3 0
github/fr12k/rodwer/test_helpers.go:323.4,323.18 1 0
github/fr12k/rodwer/test_helpers.go:329.41,335.25 4 0
github/fr12k/rodwer/test_helpers.go:335.25,336.34 1 0
github/fr12k/rodwer/test_helpers.go:336.34,338.4 1 0
github/fr12k/rodwer/test_helpers.go:348.68,350.2 1 0
github/fr12k/rodwer/test_helpers.go:353.100,362.2 6 0
github/fr12k/rodwer/test_helpers.go:365.117,369.2 2 0
github/fr12k/rodwer/test_helpers.go:372.107,375.34 2 0
github/fr12k/rodwer/test_helpers.go:375.34,378.3 2 0
github/fr12k/rodwer/test_helpers.go:380.2,382.48 2 0
github/fr12k/rodwer/test_helpers.go:393.86,399.2 1 0
github/fr12k/rodwer/test_helpers.go:402.60,405.57 2 0
github/fr12k/rodwer/test_helpers.go:405.57,407.17 2 0
github/fr12k/rodwer/test_helpers.go:407.17,409.4 1 0
github/fr12k/rodwer/test_helpers.go:411.3,414.31 3 0
github/fr12k/rodwer/test_helpers.go:414.31,416.4 1 0
github/fr12k/rodwer/test_helpers.go:419.2,419.98 1 0
github/fr12k/rodwer/test_helpers.go:423.60,426.2 2 0
github/fr12k/rodwer/test_helpers.go:444.60,449.75 2 0
github/fr12k/rodwer/test_helpers.go:449.75,454.14 4 0
github/fr12k/rodwer/test_helpers.go:454.14,457.4 2 0
github/fr12k/rodwer/test_helpers.go:459.3,459.25 1 0
github/fr12k/rodwer/test_helpers.go:459.25,461.4 1 0
github/fr12k/rodwer/test_helpers.go:463.3,463.44 1 0
github/fr12k/rodwer/test_helpers.go:463.44,465.4 1 0
github/fr12k/rodwer/test_helpers.go:467.3,468.33 2 0
github/fr12k/rodwer/test_helpers.go:471.2,474.20 3 0
github/fr12k/rodwer/test_helpers.go:474.20,476.3 1 0
github/fr12k/rodwer/test_helpers.go:478.2,478.21 1 0
github/fr12k/rodwer/test_helpers.go:482.80,486.2 3 0
github/fr12k/rodwer/test_helpers.go:489.49,493.2 3 0
github/fr12k/rodwer/test_helpers.go:501.52,503.2 1 0
github/fr12k/rodwer/test_helpers.go:506.99,508.2 1 0
github/fr12k/rodwer/test_helpers.go:511.97,513.2 1 0
github/fr12k/rodwer/test_helpers.go:516.77,518.2 1 0
github/fr12k/rodwer/test_helpers.go:521.71,522.9 1 0
github/fr12k/rodwer/test_helpers.go:523.20,524.45 1 0
github/fr12k/rodwer/test_helpers.go:525.10,525.10 0 0
github/fr12k/rodwer/types.go:85.59,87.56 1 1
github/fr12k/rodwer/types.go:87.56,89.3 1 0
github/fr12k/rodwer/types.go:92.2,98.23 4 1
github/fr12k/rodwer/types.go:98.23,100.3 1 1
github/fr12k/rodwer/types.go:102.2,102.22 1 1
github/fr12k/rodwer/types.go:102.22,104.3 1 1
github/fr12k/rodwer/types.go:106.2,106.34 1 1
github/fr12k/rodwer/types.go:106.34,108.3 1 1
github/fr12k/rodwer/types.go:111.2,111.35 1 1
github/fr12k/rodwer/types.go:111.35,113.3 1 1
github/fr12k/rodwer/types.go:116.2,117.16 2 1
github/fr12k/rodwer/types.go:117.16,120.97 2 1
github/fr12k/rodwer/types.go:120.97,122.4 1 1
github/fr12k/rodwer/types.go:123.3,123.62 1 0
github/fr12k/rodwer/types.go:127.2,128.42 2 1
github/fr12k/rodwer/types.go:128.42,131.3 2 0
github/fr12k/rodwer/types.go:134.2,134.29 1 1
github/fr12k/rodwer/types.go:134.30,137.3 0 0
github/fr12k/rodwer/types.go:139.2,147.15 2 1
github/fr12k/rodwer/types.go:151.59,152.29 1 1
github/fr12k/rodwer/types.go:152.29,153.34 1 1
github/fr12k/rodwer/types.go:153.34,155.4 1 1
github/fr12k/rodwer/types.go:156.3,156.35 1 1
github/fr12k/rodwer/types.go:156.35,158.4 1 1
github/fr12k/rodwer/types.go:161.2,161.34 1 1
github/fr12k/rodwer/types.go:161.34,163.46 1 1
github/fr12k/rodwer/types.go:163.46,165.4 1 0
github/fr12k/rodwer/types.go:168.2,168.12 1 1
github/fr12k/rodwer/types.go:172.44,177.12 4 1
github/fr12k/rodwer/types.go:177.12,179.3 1 0
github/fr12k/rodwer/types.go:182.2,183.16 2 1
github/fr12k/rodwer/types.go:183.16,185.3 1 0
github/fr12k/rodwer/types.go:188.2,188.31 1 1
github/fr12k/rodwer/types.go:188.31,193.17 2 1
github/fr12k/rodwer/types.go:193.17,196.4 2 0
github/fr12k/rodwer/types.go:200.2,209.18 3 1
github/fr12k/rodwer/types.go:213.44,218.12 4 1
github/fr12k/rodwer/types.go:218.12,220.3 1 0
github/fr12k/rodwer/types.go:223.2,224.16 2 1
github/fr12k/rodwer/types.go:224.16,226.3 1 0
github/fr12k/rodwer/types.go:229.2,230.35 2 1
github/fr12k/rodwer/types.go:230.35,238.3 2 1
github/fr12k/rodwer/types.go:240.2,240.19 1 1
github/fr12k/rodwer/types.go:244.33,248.14 3 1
github/fr12k/rodwer/types.go:248.14,250.3 1 0
github/fr12k/rodwer/types.go:252.2,255.21 2 1
github/fr12k/rodwer/types.go:255.21,257.3 1 1
github/fr12k/rodwer/types.go:260.2,260.22 1 1
github/fr12k/rodwer/types.go:260.22,261.43 1 1
github/fr12k/rodwer/types.go:261.43,263.4 1 0
github/fr12k/rodwer/types.go:267.2,267.23 1 1
github/fr12k/rodwer/types.go:267.23,269.3 1 1
github/fr12k/rodwer/types.go:271.2,271.12 1 1
github/fr12k/rodwer/types.go:275.38,279.34 3 1
github/fr12k/rodwer/types.go:279.34,281.3 1 1
github/fr12k/rodwer/types.go:284.2,285.19 2 1
github/fr12k/rodwer/types.go:289.45,293.2 3 1
github/fr12k/rodwer/types.go:298.43,303.12 4 1
github/fr12k/rodwer/types.go:303.12,305.3 1 0
github/fr12k/rodwer/types.go:307.2,307.45 1 1
github/fr12k/rodwer/types.go:307.45,309.3 1 1
github/fr12k/rodwer/types.go:312.2,313.12 2 1
github/fr12k/rodwer/types.go:317.39,319.2 1 1
github/fr12k/rodwer/types.go:322.75,327.12 4 1
github/fr12k/rodwer/types.go:327.12,329.3 1 0
github/fr12k/rodwer/types.go:332.2,337.43 4 1
github/fr12k/rodwer/types.go:337.43,339.3 1 0
github/fr12k/rodwer/types.go:342.2,343.12 2 1
github/fr12k/rodwer/types.go:347.40,352.12 4 1
github/fr12k/rodwer/types.go:352.12,354.3 1 0
github/fr12k/rodwer/types.go:356.2,357.16 2 1
github/fr12k/rodwer/types.go:357.16,359.3 1 0
github/fr12k/rodwer/types.go:361.2,361.24 1 1
github/fr12k/rodwer/types.go:365.29,370.29 4 1
github/fr12k/rodwer/types.go:370.29,372.3 1 0
github/fr12k/rodwer/types.go:374.2,375.16 2 1
github/fr12k/rodwer/types.go:375.16,377.3 1 0
github/fr12k/rodwer/types.go:379.2,379.17 1 1
github/fr12k/rodwer/types.go:383.58,388.12 4 1
github/fr12k/rodwer/types.go:388.12,390.3 1 0
github/fr12k/rodwer/types.go:392.2,393.16 2 1
github/fr12k/rodwer/types.go:393.16,395.3 1 0
github/fr12k/rodwer/types.go:397.2,400.8 1 1
github/fr12k/rodwer/types.go:404.61,409.12 4 1
github/fr12k/rodwer/types.go:409.12,411.3 1 0
github/fr12k/rodwer/types.go:413.2,414.16 2 1
github/fr12k/rodwer/types.go:414.16,416.3 1 0
github/fr12k/rodwer/types.go:418.2,419.41 2 1
github/fr12k/rodwer/types.go:419.41,424.3 1 1
github/fr12k/rodwer/types.go:426.2,426.22 1 1
github/fr12k/rodwer/types.go:430.88,435.12 4 1
github/fr12k/rodwer/types.go:435.12,437.3 1 0
github/fr12k/rodwer/types.go:440.2,443.51 3 1
github/fr12k/rodwer/types.go:447.97,452.12 4 1
github/fr12k/rodwer/types.go:452.12,454.3 1 0
github/fr12k/rodwer/types.go:457.2,458.16 2 1
github/fr12k/rodwer/types.go:458.16,459.23 1 1
github/fr12k/rodwer/types.go:459.23,461.4 1 1
github/fr12k/rodwer/types.go:462.3,462.66 1 0
github/fr12k/rodwer/types.go:465.2,468.8 1 1
github/fr12k/rodwer/types.go:472.70,477.12 4 1
github/fr12k/rodwer/types.go:477.12,479.3 1 0
github/fr12k/rodwer/types.go:482.2,482.28 1 1
github/fr12k/rodwer/types.go:482.28,484.17 2 1
github/fr12k/rodwer/types.go:484.17,486.4 1 0
github/fr12k/rodwer/types.go:487.3,487.47 1 1
github/fr12k/rodwer/types.go:491.2,491.34 1 1
github/fr12k/rodwer/types.go:495.51,499.2 1 1
github/fr12k/rodwer/types.go:502.40,507.12 4 1
github/fr12k/rodwer/types.go:507.12,509.3 1 0
github/fr12k/rodwer/types.go:512.2,513.16 2 1
github/fr12k/rodwer/types.go:513.16,515.3 1 0
github/fr12k/rodwer/types.go:517.2,518.16 2 1
github/fr12k/rodwer/types.go:518.16,520.3 1 0
github/fr12k/rodwer/types.go:523.2,527.16 2 1
github/fr12k/rodwer/types.go:527.16,529.3 1 0
github/fr12k/rodwer/types.go:531.2,531.12 1 1
github/fr12k/rodwer/types.go:535.58,540.12 4 1
github/fr12k/rodwer/types.go:540.12,542.3 1 0
github/fr12k/rodwer/types.go:545.2,546.16 2 1
github/fr12k/rodwer/types.go:546.16,548.3 1 0
github/fr12k/rodwer/types.go:551.2,552.16 2 1
github/fr12k/rodwer/types.go:552.16,554.3 1 0
github/fr12k/rodwer/types.go:557.2,559.39 2 1
github/fr12k/rodwer/types.go:559.39,562.47 2 1
github/fr12k/rodwer/types.go:562.47,563.12 1 0
github/fr12k/rodwer/types.go:567.3,568.39 2 1
github/fr12k/rodwer/types.go:568.39,569.32 1 1
github/fr12k/rodwer/types.go:569.32,575.5 1 1
github/fr12k/rodwer/types.go:579.3,580.16 2 1
github/fr12k/rodwer/types.go:580.16,582.4 1 1
github/fr12k/rodwer/types.go:584.3,588.5 1 1
github/fr12k/rodwer/types.go:591.2,591.29 1 1
github/fr12k/rodwer/types.go:595.30,599.14 3 1
github/fr12k/rodwer/types.go:599.14,601.3 1 0
github/fr12k/rodwer/types.go:603.2,606.21 2 1
github/fr12k/rodwer/types.go:606.21,608.3 1 1
github/fr12k/rodwer/types.go:611.2,611.19 1 1
github/fr12k/rodwer/types.go:611.19,612.40 1 1
github/fr12k/rodwer/types.go:612.40,614.4 1 0
github/fr12k/rodwer/types.go:617.2,617.12 1 1
github/fr12k/rodwer/types.go:621.42,625.2 3 1
github/fr12k/rodwer/types.go:630.32,631.22 1 1
github/fr12k/rodwer/types.go:631.22,633.3 1 0
github/fr12k/rodwer/types.go:635.2,635.71 1 1
github/fr12k/rodwer/types.go:635.71,637.3 1 0
github/fr12k/rodwer/types.go:639.2,639.12 1 1
github/fr12k/rodwer/types.go:643.42,644.22 1 1
github/fr12k/rodwer/types.go:644.22,646.3 1 0
github/fr12k/rodwer/types.go:648.2,648.46 1 1
github/fr12k/rodwer/types.go:648.46,650.3 1 0
github/fr12k/rodwer/types.go:652.2,652.12 1 1
github/fr12k/rodwer/types.go:656.42,658.2 1 1
github/fr12k/rodwer/types.go:661.32,662.22 1 1
github/fr12k/rodwer/types.go:662.22,664.3 1 0
github/fr12k/rodwer/types.go:667.2,667.50 1 1
github/fr12k/rodwer/types.go:667.50,669.3 1 0
github/fr12k/rodwer/types.go:671.2,671.44 1 1
github/fr12k/rodwer/types.go:671.44,673.3 1 0
github/fr12k/rodwer/types.go:675.2,675.12 1 1
github/fr12k/rodwer/types.go:679.41,680.22 1 1
github/fr12k/rodwer/types.go:680.22,682.3 1 0
github/fr12k/rodwer/types.go:684.2,685.16 2 1
github/fr12k/rodwer/types.go:685.16,687.3 1 0
github/fr12k/rodwer/types.go:689.2,689.18 1 1
github/fr12k/rodwer/types.go:693.42,694.22 1 1
github/fr12k/rodwer/types.go:694.22,696.3 1 0
github/fr12k/rodwer/types.go:699.2,700.16 2 1
github/fr12k/rodwer/types.go:700.16,702.3 1 0
github/fr12k/rodwer/types.go:705.2,705.26 1 1
github/fr12k/rodwer/types.go:709.44,710.22 1 1
github/fr12k/rodwer/types.go:710.22,712.3 1 0
github/fr12k/rodwer/types.go:715.2,716.16 2 1
github/fr12k/rodwer/types.go:716.16,718.3 1 0
github/fr12k/rodwer/types.go:721.2,721.26 1 1
github/fr12k/rodwer/types.go:725.47,726.22 1 0
github/fr12k/rodwer/types.go:726.22,728.3 1 0
github/fr12k/rodwer/types.go:730.2,732.4 1 0
github/fr12k/rodwer/types.go:736.39,739.2 2 0
github/fr12k/rodwer/types.go:742.74,744.47 2 1
github/fr12k/rodwer/types.go:744.47,746.3 1 1
github/fr12k/rodwer/types.go:749.2,754.76 2 1
github/fr12k/rodwer/types.go:754.76,756.3 1 1
github/fr12k/rodwer/types.go:759.2,759.22 1 1
github/fr12k/rodwer/types.go:759.22,761.3 1 1
github/fr12k/rodwer/types.go:764.2,765.16 2 1
github/fr12k/rodwer/types.go:765.16,767.3 1 0
github/fr12k/rodwer/types.go:769.2,769.25 1 1
github/fr12k/rodwer/types.go:773.94,774.28 1 1
github/fr12k/rodwer/types.go:774.28,776.3 1 0
github/fr12k/rodwer/types.go:778.2,779.47 2 1
github/fr12k/rodwer/types.go:779.47,781.3 1 0
github/fr12k/rodwer/types.go:784.2,785.16 2 1
github/fr12k/rodwer/types.go:785.16,787.3 1 0
github/fr12k/rodwer/types.go:789.2,789.25 1 1
github/fr12k/rodwer/types.go:789.25,791.3 1 0
github/fr12k/rodwer/types.go:793.2,799.36 4 1
github/fr12k/rodwer/types.go:799.36,800.21 1 1
github/fr12k/rodwer/types.go:800.21,802.4 1 0
github/fr12k/rodwer/types.go:803.3,803.21 1 1
github/fr12k/rodwer/types.go:803.21,805.4 1 1
github/fr12k/rodwer/types.go:806.3,806.23 1 1
github/fr12k/rodwer/types.go:806.23,808.4 1 0
github/fr12k/rodwer/types.go:809.3,809.23 1 1
github/fr12k/rodwer/types.go:809.23,811.4 1 1
github/fr12k/rodwer/types.go:815.2,827.76 2 1
github/fr12k/rodwer/types.go:827.76,829.3 1 0
github/fr12k/rodwer/types.go:832.2,833.16 2 1
github/fr12k/rodwer/types.go:833.16,835.3 1 0
github/fr12k/rodwer/types.go:837.2,837.25 1 1
